<?xml version="1.0" encoding="UTF-8"?>
<!-- Generated by org.testng.reporters.JUnitReportReporter -->
<testsuite hostname="Saurav-Kumar" failures="0" tests="1" name="actionClass.KeyboardAction" time="9.347" errors="0" timestamp="2022-07-29T23:24:21 IST" skipped="0">
  <testcase classname="actionClass.KeyboardAction" name="m1" time="9.347"/>
  <system-out/>
</testsuite> <!-- actionClass.KeyboardAction -->
