<?xml version="1.0" encoding="UTF-8"?>
<!-- Generated by org.testng.reporters.JUnitReportReporter -->
<testsuite hostname="DESKTOP-SD05CBJ" failures="0" tests="1" name="WaitMethods.ExplicitWait" time="14.176" errors="0" timestamp="2022-07-02T21:25:45 IST" skipped="0">
  <testcase classname="WaitMethods.ExplicitWait" name="Test" time="14.176"/>
  <system-out/>
</testsuite> <!-- WaitMethods.ExplicitWait -->
