<?xml version="1.0" encoding="UTF-8"?>
<!-- Generated by org.testng.reporters.JUnitReportReporter -->
<testsuite hostname="Saurav-Kumar" failures="0" tests="1" name="UploadAndDownload.UploadDemo" time="10.714" errors="0" timestamp="2022-08-07T21:04:42 IST" skipped="0">
  <testcase classname="UploadAndDownload.UploadDemo" name="autoIt" time="10.714"/>
  <system-out/>
</testsuite> <!-- UploadAndDownload.UploadDemo -->
