<?xml version="1.0" encoding="UTF-8"?>
<!-- Generated by org.testng.reporters.JUnitReportReporter -->
<testsuite hostname="Saurav-Kumar" failures="0" tests="5" name="Dummy2" time="0.011" errors="0" timestamp="2022-08-03T13:55:38 IST" skipped="0">
  <testcase classname="Dummy2" name="e_method" time="0.007"/>
  <system-out/>
  <testcase classname="Dummy2" name="d_method" time="0.001"/>
  <system-out/>
  <testcase classname="Dummy2" name="a_method" time="0.001"/>
  <system-out/>
  <testcase classname="Dummy2" name="b_method" time="0.001"/>
  <system-out/>
  <testcase classname="Dummy2" name="c_method" time="0.001"/>
  <system-out/>
</testsuite> <!-- Dummy2 -->
