<?xml version="1.0" encoding="UTF-8"?>
<!-- Generated by org.testng.reporters.JUnitReportReporter -->
<testsuite hostname="Saurav-Kumar" failures="0" tests="4" name="com.practice.Groups" time="0.008" errors="0" timestamp="2022-08-04T17:23:00 IST" skipped="1">
  <testcase classname="com.practice.Groups" name="test_3" time="0.000"/>
  <system-out/>
  <testcase classname="com.practice.Groups" name="test_1" time="0.008"/>
  <system-out/>
  <testcase classname="com.practice.Groups" name="test_2" time="0.000"/>
  <system-out/>
  <testcase classname="com.practice.Groups" name="test_4">
    <skipped/>
  </testcase> <!-- test_4 -->
  <system-out/>
</testsuite> <!-- com.practice.Groups -->
