<?xml version="1.0" encoding="UTF-8"?>
<!-- Generated by org.testng.reporters.JUnitReportReporter -->
<testsuite hostname="DESKTOP-SD05CBJ" failures="0" tests="1" name="WindowHandleDemo2" time="17.335" errors="0" timestamp="2022-07-02T12:38:26 IST" skipped="0">
  <testcase classname="WindowHandleDemo2" name="Test" time="17.335"/>
  <system-out/>
</testsuite> <!-- WindowHandleDemo2 -->
