<?xml version="1.0" encoding="UTF-8"?>
<!-- Generated by org.testng.reporters.JUnitReportReporter -->
<testsuite hostname="Saurav-Kumar" failures="0" tests="1" name="com.practice.Parameterizing" time="21.495" errors="0" timestamp="2022-08-04T12:00:53 IST" skipped="0">
  <testcase classname="com.practice.Parameterizing" name="m1" time="21.495"/>
  <system-out/>
</testsuite> <!-- com.practice.Parameterizing -->
