<?xml version="1.0" encoding="UTF-8"?>
<!-- Generated by org.testng.reporters.JUnitReportReporter -->
<testsuite hostname="DESKTOP-SD05CBJ" failures="0" tests="2" name="TestNGDemo.DataProviderDemo" time="48.338" errors="0" timestamp="2022-07-05T10:41:01 IST" skipped="0">
  <testcase classname="TestNGDemo.DataProviderDemo" name="TestLogin" time="29.345"/>
  <system-out/>
  <testcase classname="TestNGDemo.DataProviderDemo" name="TestLogin" time="18.993"/>
  <system-out/>
</testsuite> <!-- TestNGDemo.DataProviderDemo -->
