<?xml version="1.0" encoding="UTF-8"?>
<!-- Generated by org.testng.reporters.JUnitReportReporter -->
<testsuite hostname="Saurav-Kumar" failures="0" tests="3" name="com.practice.DataProviderD" time="43.843" errors="0" timestamp="2022-08-05T00:02:50 IST" skipped="0">
  <testcase classname="com.practice.DataProviderD" name="m1" time="15.202"/>
  <system-out/>
  <testcase classname="com.practice.DataProviderD" name="m1" time="12.996"/>
  <system-out/>
  <testcase classname="com.practice.DataProviderD" name="m1" time="15.645"/>
  <system-out/>
</testsuite> <!-- com.practice.DataProviderD -->
