<?xml version="1.0" encoding="UTF-8"?>
<!-- Generated by org.testng.reporters.JUnitReportReporter -->
<testsuite hostname="DESKTOP-SD05CBJ" failures="0" tests="1" name="actionClass.ResizeObject" time="14.661" errors="0" timestamp="2022-06-30T15:44:19 IST" skipped="0">
  <testcase classname="actionClass.ResizeObject" name="Test" time="14.661"/>
  <system-out/>
</testsuite> <!-- actionClass.ResizeObject -->
