<?xml version="1.0" encoding="UTF-8"?>
<!-- Generated by org.testng.reporters.JUnitReportReporter -->
<testsuite hostname="Saurav-Kumar" failures="0" tests="1" name="BrokenLinks.GetAllLinks" time="8.637" errors="0" timestamp="2022-07-31T21:22:00 IST" skipped="0">
  <testcase classname="BrokenLinks.GetAllLinks" name="m1" time="8.637"/>
  <system-out/>
</testsuite> <!-- BrokenLinks.GetAllLinks -->
