<?xml version="1.0" encoding="UTF-8"?>
<!-- Generated by org.testng.reporters.JUnitReportReporter -->
<testsuite hostname="DESKTOP-SD05CBJ" failures="0" tests="1" name="TestNGDemo.CaptureScreenshot.CaptureScreenshot" time="24.348" errors="0" timestamp="2022-07-08T14:53:30 IST" skipped="0">
  <testcase classname="TestNGDemo.CaptureScreenshot.CaptureScreenshot" name="openbrowser" time="24.348"/>
  <system-out/>
</testsuite> <!-- TestNGDemo.CaptureScreenshot.CaptureScreenshot -->
