<?xml version="1.0" encoding="UTF-8"?>
<!-- Generated by org.testng.reporters.JUnitReportReporter -->
<testsuite hostname="Saurav-Kumar" failures="0" tests="1" name="WindowHandleDemo4" time="18.611" errors="0" timestamp="2022-07-29T13:53:38 IST" skipped="0">
  <testcase classname="WindowHandleDemo4" name="m1" time="18.611"/>
  <system-out/>
</testsuite> <!-- WindowHandleDemo4 -->
