<?xml version="1.0" encoding="UTF-8"?>
<!-- Generated by org.testng.reporters.JUnitReportReporter -->
<testsuite hostname="DESKTOP-SD05CBJ" failures="0" tests="1" name="TestNGDemo.ParametarizationDemo2" time="20.728" errors="0" timestamp="2022-07-04T18:25:51 IST" skipped="0">
  <testcase classname="TestNGDemo.ParametarizationDemo2" name="flipkart" time="20.728"/>
  <system-out/>
</testsuite> <!-- TestNGDemo.ParametarizationDemo2 -->
