<?xml version="1.0" encoding="UTF-8"?>
<!-- Generated by org.testng.reporters.JUnitReportReporter -->
<testsuite hostname="Saurav-Kumar" failures="0" tests="1" name="WindowHandleDemo3" time="16.691" errors="0" timestamp="2022-07-29T12:05:59 IST" skipped="0">
  <testcase classname="WindowHandleDemo3" name="Test" time="16.691"/>
  <system-out/>
</testsuite> <!-- WindowHandleDemo3 -->
