<?xml version="1.0" encoding="UTF-8"?>
<!-- Generated by org.testng.reporters.JUnitReportReporter -->
<testsuite hostname="Sourav-Kumar" failures="0" tests="1" name="TestDemo" time="46.266" errors="0" timestamp="2022-10-02T15:17:22 IST" skipped="0">
  <testcase classname="TestDemo" name="m1" time="46.266"/>
  <system-out/>
</testsuite> <!-- TestDemo -->
