<?xml version="1.0" encoding="UTF-8"?>
<!-- Generated by org.testng.reporters.JUnitReportReporter -->
<testsuite hostname="Saurav-Kumar" failures="0" tests="1" name="BrokenLinks.BrokenLinksDemo" time="8.715" errors="0" timestamp="2022-08-03T00:29:23 IST" skipped="0">
  <testcase classname="BrokenLinks.BrokenLinksDemo" name="m1" time="8.715"/>
  <system-out/>
</testsuite> <!-- BrokenLinks.BrokenLinksDemo -->
