<?xml version="1.0" encoding="UTF-8"?>
<!-- Generated by org.testng.reporters.JUnitReportReporter -->
<testsuite hostname="Saurav-Kumar" failures="0" tests="1" name="Dummy" time="7.924" errors="0" timestamp="2022-08-02T12:18:08 IST" skipped="0">
  <testcase classname="Dummy" name="m1" time="7.924"/>
  <system-out/>
</testsuite> <!-- Dummy -->
