<?xml version="1.0" encoding="UTF-8"?>
<!-- Generated by org.testng.reporters.JUnitReportReporter -->
<testsuite hostname="DESKTOP-SD05CBJ" failures="0" tests="2" name="TestNGDemo.GroupsDemo2" time="0.003" errors="0" timestamp="2022-07-04T21:42:25 IST" skipped="0">
  <testcase classname="TestNGDemo.GroupsDemo2" name="test1" time="0.001"/>
  <system-out/>
  <testcase classname="TestNGDemo.GroupsDemo2" name="test2" time="0.002"/>
  <system-out/>
</testsuite> <!-- TestNGDemo.GroupsDemo2 -->
