<?xml version="1.0" encoding="UTF-8"?>
<!-- Generated by org.testng.reporters.JUnitReportReporter -->
<testsuite hostname="Saurav-Kumar" failures="0" tests="1" name="WebDriverMethods.NavigationMethod.NavigationDemo" time="15.724" errors="0" timestamp="2022-07-27T15:10:44 IST" skipped="0">
  <testcase classname="WebDriverMethods.NavigationMethod.NavigationDemo" name="m1" time="15.724"/>
  <system-out/>
</testsuite> <!-- WebDriverMethods.NavigationMethod.NavigationDemo -->
