<?xml version="1.0" encoding="UTF-8"?>
<!-- Generated by org.testng.reporters.JUnitReportReporter -->
<testsuite hostname="DESKTOP-SD05CBJ" failures="0" tests="5" name="TestNGDemo.PriorityOfTestNG" time="0.017" errors="0" timestamp="2022-07-03T19:32:28 IST" skipped="0">
  <testcase classname="TestNGDemo.PriorityOfTestNG" name="c" time="0.013"/>
  <system-out/>
  <testcase classname="TestNGDemo.PriorityOfTestNG" name="e" time="0.001"/>
  <system-out/>
  <testcase classname="TestNGDemo.PriorityOfTestNG" name="d" time="0.001"/>
  <system-out/>
  <testcase classname="TestNGDemo.PriorityOfTestNG" name="a" time="0.001"/>
  <system-out/>
  <testcase classname="TestNGDemo.PriorityOfTestNG" name="b" time="0.001"/>
  <system-out/>
</testsuite> <!-- TestNGDemo.PriorityOfTestNG -->
