<?xml version="1.0" encoding="UTF-8"?>
<!-- Generated by org.testng.reporters.JUnitReportReporter -->
<testsuite hostname="Saurav-Kumar" failures="0" tests="1" name="SelectClass.ValuesOfSelect" time="7.908" errors="0" timestamp="2022-07-28T18:09:20 IST" skipped="0">
  <testcase classname="SelectClass.ValuesOfSelect" name="m1" time="7.908"/>
  <system-out/>
</testsuite> <!-- SelectClass.ValuesOfSelect -->
