<?xml version="1.0" encoding="UTF-8"?>
<!-- Generated by org.testng.reporters.JUnitReportReporter -->
<testsuite hostname="Saurav-Kumar" failures="0" tests="1" name="TestNGDemo.AssertionDemo" time="18.770" errors="0" timestamp="2022-08-02T21:29:38 IST" skipped="0">
  <testcase classname="TestNGDemo.AssertionDemo" name="TestGoogle" time="18.770"/>
  <system-out/>
</testsuite> <!-- TestNGDemo.AssertionDemo -->
