<?xml version="1.0" encoding="UTF-8"?>
<!-- Generated by org.testng.reporters.JUnitReportReporter -->
<testsuite hostname="DESKTOP-SD05CBJ" failures="0" tests="1" name="TestNGDemo.ParametarizationDemo" time="21.400" errors="0" timestamp="2022-07-04T18:29:21 IST" skipped="0">
  <testcase classname="TestNGDemo.ParametarizationDemo" name="flipkart" time="21.400"/>
  <system-out/>
</testsuite> <!-- TestNGDemo.ParametarizationDemo -->
