<?xml version="1.0" encoding="UTF-8"?>
<!-- Generated by org.testng.reporters.JUnitReportReporter -->
<testsuite hostname="DESKTOP-SD05CBJ" failures="0" tests="1" name="actionClass.RightClick" time="33.882" errors="0" timestamp="2022-06-30T11:28:16 IST" skipped="0">
  <testcase classname="actionClass.RightClick" name="Test" time="33.882"/>
  <system-out/>
</testsuite> <!-- actionClass.RightClick -->
