<?xml version="1.0" encoding="UTF-8"?>
<!-- Generated by org.testng.reporters.JUnitReportReporter -->
<testsuite hostname="Saurav-Kumar" failures="0" tests="1" name="SelectClass.DropDown" time="23.270" errors="0" timestamp="2022-07-28T13:35:54 IST" skipped="0">
  <testcase classname="SelectClass.DropDown" name="Test" time="23.270"/>
  <system-out/>
</testsuite> <!-- SelectClass.DropDown -->
