<?xml version="1.0" encoding="UTF-8"?>
<!-- Generated by org.testng.reporters.JUnitReportReporter -->
<testsuite hostname="DESKTOP-SD05CBJ" failures="0" tests="1" name="actionClass.DoubleClick" time="28.680" errors="0" timestamp="2022-07-24T13:29:25 IST" skipped="0">
  <testcase classname="actionClass.DoubleClick" name="Test" time="28.680"/>
  <system-out/>
</testsuite> <!-- actionClass.DoubleClick -->
