<?xml version="1.0" encoding="UTF-8"?>
<!-- Generated by org.testng.reporters.JUnitReportReporter -->
<testsuite hostname="Saurav-Kumar" failures="0" tests="1" name="com.practice.DataProviderExcel" time="0.596" errors="0" timestamp="2022-08-05T19:25:58 IST" skipped="0">
  <testcase classname="com.practice.DataProviderExcel" name="textBox" time="0.596"/>
  <system-out/>
</testsuite> <!-- com.practice.DataProviderExcel -->
