<?xml version="1.0" encoding="UTF-8"?>
<!-- Generated by org.testng.reporters.JUnitReportReporter -->
<testsuite hostname="DESKTOP-SD05CBJ" failures="0" tests="1" name="TestNGDemo.CaptureScreenshot.Taking_screenshot_of_specific_UI_element" time="10.762" errors="0" timestamp="2022-07-08T14:09:39 IST" skipped="0">
  <testcase classname="TestNGDemo.CaptureScreenshot.Taking_screenshot_of_specific_UI_element" name="specific_UI_element" time="10.762"/>
  <system-out/>
</testsuite> <!-- TestNGDemo.CaptureScreenshot.Taking_screenshot_of_specific_UI_element -->
