<?xml version="1.0" encoding="UTF-8"?>
<!-- Generated by org.testng.reporters.JUnitReportReporter -->
<testsuite hostname="Saurav-Kumar" failures="0" tests="6" name="com.practice.ParallelTesting" time="16.794" errors="0" timestamp="2022-08-06T01:22:23 IST" skipped="0">
  <testcase classname="com.practice.ParallelTesting" name="loginDetails" time="5.272"/>
  <system-out/>
  <testcase classname="com.practice.ParallelTesting" name="loginDetails" time="4.790"/>
  <system-out/>
  <testcase classname="com.practice.ParallelTesting" name="verifyLogin" time="0.035"/>
  <system-out/>
  <testcase classname="com.practice.ParallelTesting" name="clickInfo" time="1.774"/>
  <system-out/>
  <testcase classname="com.practice.ParallelTesting" name="loginDetails" time="4.898"/>
  <system-out/>
  <testcase classname="com.practice.ParallelTesting" name="verifyLogin" time="0.025"/>
  <system-out/>
</testsuite> <!-- com.practice.ParallelTesting -->
