<?xml version="1.0" encoding="UTF-8"?>
<!-- Generated by org.testng.reporters.JUnitReportReporter -->
<testsuite hostname="Sourav-Kumar" failures="0" tests="1" name="WebDriverMethods.HandleWindows.WindowHandlerDemo" time="14.552" errors="0" timestamp="2022-09-29T23:53:10 IST" skipped="0">
  <testcase classname="WebDriverMethods.HandleWindows.WindowHandlerDemo" name="m1" time="14.552"/>
  <system-out/>
</testsuite> <!-- WebDriverMethods.HandleWindows.WindowHandlerDemo -->
