<?xml version="1.0" encoding="UTF-8"?>
<!-- Generated by org.testng.reporters.JUnitReportReporter -->
<testsuite hostname="DESKTOP-SD05CBJ" failures="0" tests="1" name="WaitMethods.ExplicitWait2" time="13.220" errors="0" timestamp="2022-07-04T00:41:19 IST" skipped="0">
  <testcase classname="WaitMethods.ExplicitWait2" name="Test" time="13.220"/>
  <system-out/>
</testsuite> <!-- WaitMethods.ExplicitWait2 -->
