<?xml version="1.0" encoding="UTF-8"?>
<!-- Generated by org.testng.reporters.JUnitReportReporter -->
<testsuite hostname="Saurav-Kumar" failures="0" tests="1" name="WaitMethods.FluentWaitDemo" time="5.445" errors="0" timestamp="2022-07-27T13:07:59 IST" skipped="0">
  <testcase classname="WaitMethods.FluentWaitDemo" name="m1" time="5.445"/>
  <system-out/>
</testsuite> <!-- WaitMethods.FluentWaitDemo -->
