<?xml version="1.0" encoding="UTF-8"?>
<!-- Generated by org.testng.reporters.JUnitReportReporter -->
<testsuite hostname="Saurav-Kumar" failures="0" tests="1" name="SelectClass.DeSelect" time="46.147" errors="0" timestamp="2022-07-28T13:42:40 IST" skipped="0">
  <testcase classname="SelectClass.DeSelect" name="Test" time="46.147"/>
  <system-out/>
</testsuite> <!-- SelectClass.DeSelect -->
