<?xml version="1.0" encoding="UTF-8"?>
<!-- Generated by org.testng.reporters.JUnitReportReporter -->
<testsuite hostname="Saurav-Kumar" failures="0" tests="4" name="TestNGDemo.DataProviderGet" time="0.014" errors="0" timestamp="2022-08-05T01:15:05 IST" skipped="0">
  <testcase classname="TestNGDemo.DataProviderGet" name="TestLogin" time="0.012"/>
  <system-out/>
  <testcase classname="TestNGDemo.DataProviderGet" name="TestLogin" time="0.001"/>
  <system-out/>
  <testcase classname="TestNGDemo.DataProviderGet" name="TestLogin" time="0.001"/>
  <system-out/>
  <testcase classname="TestNGDemo.DataProviderGet" name="TestLogin" time="0.000"/>
  <system-out/>
</testsuite> <!-- TestNGDemo.DataProviderGet -->
