<?xml version="1.0" encoding="UTF-8"?>
<!-- Generated by org.testng.reporters.JUnitReportReporter -->
<testsuite hostname="DESKTOP-SD05CBJ" failures="0" tests="1" name="Calander.SelectDate4" time="22.619" errors="0" timestamp="2022-07-11T22:18:28 IST" skipped="0">
  <testcase classname="Calander.SelectDate4" name="handle_date" time="22.619"/>
  <system-out/>
</testsuite> <!-- Calander.SelectDate4 -->
