<?xml version="1.0" encoding="UTF-8"?>
<!-- Generated by org.testng.reporters.JUnitReportReporter -->
<testsuite hostname="DESKTOP-SD05CBJ" failures="0" tests="3" name="TestNGDemo.Dependencies" time="0.017" errors="0" timestamp="2022-07-04T22:34:14 IST" skipped="0">
  <testcase classname="TestNGDemo.Dependencies" name="TrackShipment" time="0.001"/>
  <system-out/>
  <testcase classname="TestNGDemo.Dependencies" name="CreateShipment" time="0.015"/>
  <system-out/>
  <testcase classname="TestNGDemo.Dependencies" name="CancelShipment" time="0.001"/>
  <system-out/>
</testsuite> <!-- TestNGDemo.Dependencies -->
