<?xml version="1.0" encoding="UTF-8"?>
<!-- Generated by org.testng.reporters.JUnitReportReporter -->
<testsuite hostname="Saurav-Kumar" failures="0" tests="1" name="UploadAndDownload.DownloadDemo" time="13.561" errors="0" timestamp="2022-08-08T01:41:17 IST" skipped="0">
  <testcase classname="UploadAndDownload.DownloadDemo" name="dowload" time="13.561"/>
  <system-out/>
</testsuite> <!-- UploadAndDownload.DownloadDemo -->
