<?xml version="1.0" encoding="UTF-8"?>
<!-- Generated by org.testng.reporters.JUnitReportReporter -->
<testsuite hostname="DESKTOP-SD05CBJ" failures="0" tests="6" name="TestNGDemo.ParallelExecutionDemo2" time="0.022" errors="0" timestamp="2022-07-07T01:17:07 IST" skipped="0">
  <testcase classname="TestNGDemo.ParallelExecutionDemo2" name="test4" time="0.004"/>
  <system-out/>
  <testcase classname="TestNGDemo.ParallelExecutionDemo2" name="test4" time="0.005"/>
  <system-out/>
  <testcase classname="TestNGDemo.ParallelExecutionDemo2" name="test6" time="0.001"/>
  <system-out/>
  <testcase classname="TestNGDemo.ParallelExecutionDemo2" name="test4" time="0.002"/>
  <system-out/>
  <testcase classname="TestNGDemo.ParallelExecutionDemo2" name="test5" time="0.002"/>
  <system-out/>
  <testcase classname="TestNGDemo.ParallelExecutionDemo2" name="test4" time="0.008"/>
  <system-out/>
</testsuite> <!-- TestNGDemo.ParallelExecutionDemo2 -->
