<?xml version="1.0" encoding="UTF-8"?>
<!-- Generated by org.testng.reporters.JUnitReportReporter -->
<testsuite hostname="DESKTOP-SD05CBJ" failures="0" tests="1" name="actionClass.Slider" time="14.701" errors="0" timestamp="2022-06-30T15:46:31 IST" skipped="0">
  <testcase classname="actionClass.Slider" name="Test" time="14.701"/>
  <system-out/>
</testsuite> <!-- actionClass.Slider -->
