<?xml version="1.0" encoding="UTF-8"?>
<!-- Generated by org.testng.reporters.JUnitReportReporter -->
<testsuite hostname="DESKTOP-SD05CBJ" failures="0" tests="1" name="actionClass.MouseHover" time="16.336" errors="0" timestamp="2022-06-30T14:15:14 IST" skipped="0">
  <testcase classname="actionClass.MouseHover" name="Test" time="16.336"/>
  <system-out/>
</testsuite> <!-- actionClass.MouseHover -->
