<?xml version="1.0" encoding="UTF-8"?>
<!-- Generated by org.testng.reporters.JUnitReportReporter -->
<testsuite hostname="DESKTOP-SD05CBJ" failures="0" tests="1" name="WindowHandleDemo" time="31.803" errors="0" timestamp="2022-07-01T23:56:14 IST" skipped="0">
  <testcase classname="WindowHandleDemo" name="Test" time="31.803"/>
  <system-out/>
</testsuite> <!-- WindowHandleDemo -->
