<?xml version="1.0" encoding="UTF-8"?>
<!-- Generated by org.testng.reporters.JUnitReportReporter -->
<testsuite hostname="DESKTOP-SD05CBJ" failures="0" tests="1" name="Calander.SelectDate3" time="20.239" errors="0" timestamp="2022-07-10T01:22:09 IST" skipped="0">
  <testcase classname="Calander.SelectDate3" name="handle_date" time="20.239"/>
  <system-out/>
</testsuite> <!-- Calander.SelectDate3 -->
