<?xml version="1.0" encoding="UTF-8"?>
<!-- Generated by org.testng.reporters.JUnitReportReporter -->
<testsuite hostname="Saurav-Kumar" failures="0" tests="1" name="TestNGDemo.ExcelDataReader" time="3.472" errors="0" timestamp="2022-08-05T01:17:56 IST" skipped="0">
  <testcase classname="TestNGDemo.ExcelDataReader" name="signIn" time="3.472"/>
  <system-out/>
</testsuite> <!-- TestNGDemo.ExcelDataReader -->
