<?xml version="1.0" encoding="UTF-8"?>
<!-- Generated by org.testng.reporters.JUnitReportReporter -->
<testsuite hostname="Sourav-Kumar" failures="0" tests="1" name="SauravDemo" time="1.793" errors="0" timestamp="2022-10-08T23:19:55 IST" skipped="0">
  <testcase classname="SauravDemo" name="m1" time="1.793"/>
  <system-out/>
</testsuite> <!-- SauravDemo -->
