<?xml version="1.0" encoding="UTF-8"?>
<!-- Generated by org.testng.reporters.JUnitReportReporter -->
<testsuite hostname="DESKTOP-SD05CBJ" failures="0" tests="1" name="Selenium.SeleniumProject.AppTest" time="10.747" errors="0" timestamp="2022-06-29T23:49:37 IST" skipped="0">
  <testcase classname="Selenium.SeleniumProject.AppTest" name="test1" time="10.747"/>
  <system-out/>
</testsuite> <!-- Selenium.SeleniumProject.AppTest -->
