<?xml version="1.0" encoding="UTF-8"?>
<!-- Generated by org.testng.reporters.JUnitReportReporter -->
<testsuite hostname="DESKTOP-SD05CBJ" failures="0" tests="1" name="WebTable.WebTable" time="0.880" errors="0" timestamp="2022-07-25T21:15:30 IST" skipped="0">
  <testcase classname="WebTable.WebTable" name="m1" time="0.880"/>
  <system-out/>
</testsuite> <!-- WebTable.WebTable -->
