<?xml version="1.0" encoding="UTF-8"?>
<!-- Generated by org.testng.reporters.JUnitReportReporter -->
<testsuite hostname="DESKTOP-SD05CBJ" failures="0" tests="1" name="Iframe" time="31.434" errors="0" timestamp="2022-07-08T22:48:14 IST" skipped="0">
  <testcase classname="Iframe" name="Test" time="31.434"/>
  <system-out/>
</testsuite> <!-- Iframe -->
