<?xml version="1.0" encoding="UTF-8"?>
<!-- Generated by org.testng.reporters.JUnitReportReporter -->
<testsuite hostname="DESKTOP-SD05CBJ" failures="0" tests="1" name="SelectClass" time="18.903" errors="0" timestamp="2022-06-30T20:55:56 IST" skipped="0">
  <testcase classname="SelectClass" name="Test" time="18.903"/>
  <system-out/>
</testsuite> <!-- SelectClass -->
