<?xml version="1.0" encoding="UTF-8"?>
<!-- Generated by org.testng.reporters.JUnitReportReporter -->
<testsuite hostname="DESKTOP-SD05CBJ" failures="0" tests="7" name="TestNGDemo.EnableDisableTestCases" time="33.255" errors="0" timestamp="2022-07-04T20:53:10 IST" skipped="0">
  <testcase classname="TestNGDemo.EnableDisableTestCases" name="EnterLoginDetails" time="6.499"/>
  <system-out/>
  <testcase classname="TestNGDemo.EnableDisableTestCases" name="LaunchApp" time="9.012"/>
  <system-out/>
  <testcase classname="TestNGDemo.EnableDisableTestCases" name="VerifyLogin" time="0.114"/>
  <system-out/>
  <testcase classname="TestNGDemo.EnableDisableTestCases" name="NavigateToMyInfo" time="1.553"/>
  <system-out/>
  <testcase classname="TestNGDemo.EnableDisableTestCases" name="EnterLoginDetails" time="6.236"/>
  <system-out/>
  <testcase classname="TestNGDemo.EnableDisableTestCases" name="VerifyMyInfo" time="0.051"/>
  <system-out/>
  <testcase classname="TestNGDemo.EnableDisableTestCases" name="LaunchApp" time="9.790"/>
  <system-out/>
</testsuite> <!-- TestNGDemo.EnableDisableTestCases -->
