<?xml version="1.0" encoding="UTF-8"?>
<!-- Generated by org.testng.reporters.JUnitReportReporter -->
<testsuite hostname="DESKTOP-SD05CBJ" failures="0" tests="6" name="TestNGDemo.ParallelExecutionDemo" time="0.059" errors="0" timestamp="2022-07-07T01:17:07 IST" skipped="0">
  <testcase classname="TestNGDemo.ParallelExecutionDemo" name="test3" time="0.002"/>
  <system-out/>
  <testcase classname="TestNGDemo.ParallelExecutionDemo" name="test1" time="0.014"/>
  <system-out/>
  <testcase classname="TestNGDemo.ParallelExecutionDemo" name="test1" time="0.014"/>
  <system-out/>
  <testcase classname="TestNGDemo.ParallelExecutionDemo" name="test1" time="0.014"/>
  <system-out/>
  <testcase classname="TestNGDemo.ParallelExecutionDemo" name="test1" time="0.014"/>
  <system-out/>
  <testcase classname="TestNGDemo.ParallelExecutionDemo" name="test2" time="0.001"/>
  <system-out/>
</testsuite> <!-- TestNGDemo.ParallelExecutionDemo -->
