<?xml version="1.0" encoding="UTF-8"?>
<!-- Generated by org.testng.reporters.JUnitReportReporter -->
<testsuite hostname="Saurav-Kumar" failures="0" tests="1" name="Demo" time="0.085" errors="0" timestamp="2022-08-14T23:43:56 IST" skipped="0">
  <testcase classname="Demo" name="m1" time="0.085"/>
  <system-out/>
</testsuite> <!-- Demo -->
