<?xml version="1.0" encoding="UTF-8"?>
<!-- Generated by org.testng.reporters.JUnitReportReporter -->
<testsuite hostname="Saurav-Kumar" failures="0" tests="4" name="TestNGDemo.GroupsDemo" time="0.010" errors="0" timestamp="2022-08-04T14:04:09 IST" skipped="0">
  <testcase classname="TestNGDemo.GroupsDemo" name="test5" time="0.001"/>
  <system-out/>
  <testcase classname="TestNGDemo.GroupsDemo" name="test7" time="0.001"/>
  <system-out/>
  <testcase classname="TestNGDemo.GroupsDemo" name="test4" time="0.008"/>
  <system-out/>
  <testcase classname="TestNGDemo.GroupsDemo" name="test6" time="0.000"/>
  <system-out/>
</testsuite> <!-- TestNGDemo.GroupsDemo -->
