<?xml version="1.0" encoding="UTF-8"?>
<!-- Generated by org.testng.reporters.JUnitReportReporter -->
<testsuite hostname="Saurav-Kumar" failures="0" tests="1" name="Calander.SelectDate2" time="8.453" errors="0" timestamp="2022-07-30T21:49:55 IST" skipped="0">
  <testcase classname="Calander.SelectDate2" name="m1" time="8.453"/>
  <system-out/>
</testsuite> <!-- Calander.SelectDate2 -->
