<?xml version="1.0" encoding="UTF-8"?>
<!-- Generated by org.testng.reporters.JUnitReportReporter -->
<testsuite hostname="Saurav-Kumar" failures="0" tests="1" name="actionClass.DragAndDrop2" time="7.372" errors="0" timestamp="2022-07-28T23:50:27 IST" skipped="0">
  <testcase classname="actionClass.DragAndDrop2" name="m1" time="7.372"/>
  <system-out/>
</testsuite> <!-- actionClass.DragAndDrop2 -->
