<?xml version="1.0" encoding="UTF-8"?>
<!-- Generated by org.testng.reporters.JUnitReportReporter -->
<testsuite hostname="DESKTOP-SD05CBJ" failures="0" tests="1" name="actionClass.KeyDownAndKeyUp" time="8.928" errors="0" timestamp="2022-07-01T00:18:24 IST" skipped="0">
  <testcase classname="actionClass.KeyDownAndKeyUp" name="Test" time="8.928"/>
  <system-out/>
</testsuite> <!-- actionClass.KeyDownAndKeyUp -->
