<?xml version="1.0" encoding="UTF-8"?>
<!-- Generated by org.testng.reporters.JUnitReportReporter -->
<testsuite hostname="DESKTOP-SD05CBJ" failures="0" tests="2" name="TestNGDemo.DataProviderDemo2" time="0.012" errors="0" timestamp="2022-07-05T12:54:01 IST" skipped="0">
  <testcase classname="TestNGDemo.DataProviderDemo2" name="TestLogin" time="0.002"/>
  <system-out/>
  <testcase classname="TestNGDemo.DataProviderDemo2" name="TestLogin" time="0.010"/>
  <system-out/>
</testsuite> <!-- TestNGDemo.DataProviderDemo2 -->
