<?xml version="1.0" encoding="UTF-8"?>
<!-- Generated by org.testng.reporters.JUnitReportReporter -->
<testsuite hostname="Saurav-Kumar" failures="0" tests="1" name="SelectClass.WithoutUsingSelectClass" time="9.700" errors="0" timestamp="2022-07-28T17:50:33 IST" skipped="0">
  <testcase classname="SelectClass.WithoutUsingSelectClass" name="m1" time="9.700"/>
  <system-out/>
</testsuite> <!-- SelectClass.WithoutUsingSelectClass -->
