<?xml version="1.0" encoding="UTF-8"?>
<!-- Generated by org.testng.reporters.JUnitReportReporter -->
<testsuite hostname="DESKTOP-SD05CBJ" failures="0" tests="2" name="TestNGDemo.DataProviderIndices" time="0.011" errors="0" timestamp="2022-07-05T13:09:22 IST" skipped="0">
  <testcase classname="TestNGDemo.DataProviderIndices" name="TestLogin" time="0.002"/>
  <system-out/>
  <testcase classname="TestNGDemo.DataProviderIndices" name="TestLogin" time="0.009"/>
  <system-out/>
</testsuite> <!-- TestNGDemo.DataProviderIndices -->
