<?xml version="1.0" encoding="UTF-8"?>
<!-- Generated by org.testng.reporters.JUnitReportReporter -->
<testsuite hostname="DESKTOP-SD05CBJ" failures="0" tests="1" name="Iframe2" time="32.293" errors="0" timestamp="2022-07-01T14:29:01 IST" skipped="0">
  <testcase classname="Iframe2" name="Test" time="32.293"/>
  <system-out/>
</testsuite> <!-- Iframe2 -->
